mode: set
github.com/zapproject/zap-miner/rest/routes/QueryStringHandler.go:18.93,21.16 3 1
github.com/zapproject/zap-miner/rest/routes/QueryStringHandler.go:25.2,25.63 1 1
github.com/zapproject/zap-miner/rest/routes/QueryStringHandler.go:21.16,24.3 2 0
github.com/zapproject/zap-miner/rest/routes/RequestIdHandler.go:18.91,21.16 3 1
github.com/zapproject/zap-miner/rest/routes/RequestIdHandler.go:25.2,25.61 1 1
github.com/zapproject/zap-miner/rest/routes/RequestIdHandler.go:21.16,24.3 2 0
github.com/zapproject/zap-miner/rest/routes/Top50Handler.go:18.87,21.16 3 0
github.com/zapproject/zap-miner/rest/routes/Top50Handler.go:25.2,25.57 1 0
github.com/zapproject/zap-miner/rest/routes/Top50Handler.go:21.16,24.3 2 0
github.com/zapproject/zap-miner/rest/routes/router.go:26.34,28.2 1 0
github.com/zapproject/zap-miner/rest/routes/router.go:31.70,35.14 4 0
github.com/zapproject/zap-miner/rest/routes/router.go:39.2,40.30 2 0
github.com/zapproject/zap-miner/rest/routes/router.go:45.2,48.25 4 0
github.com/zapproject/zap-miner/rest/routes/router.go:35.14,38.3 2 0
github.com/zapproject/zap-miner/rest/routes/router.go:40.30,44.3 3 0
github.com/zapproject/zap-miner/rest/routes/router.go:52.57,54.2 1 0
github.com/zapproject/zap-miner/rest/routes/DisputeStatusHandler.go:18.95,21.16 3 1
github.com/zapproject/zap-miner/rest/routes/DisputeStatusHandler.go:25.2,25.65 1 1
github.com/zapproject/zap-miner/rest/routes/DisputeStatusHandler.go:21.16,24.3 2 0
github.com/zapproject/zap-miner/rest/routes/GranularityHandler.go:18.93,21.16 3 1
github.com/zapproject/zap-miner/rest/routes/GranularityHandler.go:25.2,25.63 1 1
github.com/zapproject/zap-miner/rest/routes/GranularityHandler.go:21.16,24.3 2 0
github.com/zapproject/zap-miner/rest/routes/MiningStatusHandler.go:18.94,21.16 3 1
github.com/zapproject/zap-miner/rest/routes/MiningStatusHandler.go:25.2,25.64 1 1
github.com/zapproject/zap-miner/rest/routes/MiningStatusHandler.go:21.16,24.3 2 0
github.com/zapproject/zap-miner/rest/routes/TotalTipHandler.go:18.90,21.16 3 1
github.com/zapproject/zap-miner/rest/routes/TotalTipHandler.go:25.2,25.60 1 1
github.com/zapproject/zap-miner/rest/routes/TotalTipHandler.go:21.16,24.3 2 0
github.com/zapproject/zap-miner/rest/routes/TributeBalanceHandler.go:18.94,21.16 3 1
github.com/zapproject/zap-miner/rest/routes/TributeBalanceHandler.go:25.2,25.64 1 1
github.com/zapproject/zap-miner/rest/routes/TributeBalanceHandler.go:21.16,24.3 2 0
github.com/zapproject/zap-miner/rest/routes/balanceHandler.go:18.89,21.16 3 1
github.com/zapproject/zap-miner/rest/routes/balanceHandler.go:25.2,25.59 1 1
github.com/zapproject/zap-miner/rest/routes/balanceHandler.go:21.16,24.3 2 0
github.com/zapproject/zap-miner/rest/routes/CurrentChallengeHandler.go:18.98,21.16 3 1
github.com/zapproject/zap-miner/rest/routes/CurrentChallengeHandler.go:25.2,25.68 1 1
github.com/zapproject/zap-miner/rest/routes/CurrentChallengeHandler.go:21.16,24.3 2 0
github.com/zapproject/zap-miner/rest/routes/DifficultyHandler.go:18.92,21.16 3 1
github.com/zapproject/zap-miner/rest/routes/DifficultyHandler.go:25.2,25.62 1 1
github.com/zapproject/zap-miner/rest/routes/DifficultyHandler.go:21.16,24.3 2 0
github.com/zapproject/zap-miner/rest/routes/GasHandler.go:18.85,21.16 3 1
github.com/zapproject/zap-miner/rest/routes/GasHandler.go:25.2,25.55 1 1
github.com/zapproject/zap-miner/rest/routes/GasHandler.go:21.16,24.3 2 0
